13:59:58.290 [main] TRACE - Resolving type for handle ctfontsizeb3b9type
13:59:58.315 [main] TRACE - Resolving type for handle ctcolord2c2type
13:59:58.320 [main] TRACE - Resolving type for handle ctfontname2dc3type
13:59:58.323 [main] TRACE - Resolving type for handle stxstringf179type
13:59:58.328 [main] TRACE - Resolving type for handle ctfontfamily685ctype
13:59:58.330 [main] TRACE - Resolving type for handle stfontfamily9c6ctype
13:59:58.337 [main] TRACE - Resolving type for handle ctfontschemebf5dtype
13:59:58.343 [main] TRACE - Resolving type for handle stfontschemef36dtype
13:59:58.353 [main] TRACE - Resolving type for handle ctfill550ctype
13:59:58.357 [main] TRACE - Resolving type for handle ctpatternfill7452type
13:59:58.366 [main] TRACE - Resolving type for handle stpatterntype7939type
13:59:58.372 [main] TRACE - Resolving type for handle ctborderf935type
13:59:58.375 [main] TRACE - Resolving type for handle ctborderpre497type
13:59:58.385 [main] TRACE - Resolving type for handle ctxf97f7type
13:59:58.392 [main] TRACE - Resolving type for handle stnumfmtid76fbtype
13:59:58.394 [main] TRACE - Resolving type for handle stfontid9d63type
13:59:58.398 [main] TRACE - Resolving type for handle stfillida097type
13:59:58.402 [main] TRACE - Resolving type for handle stborderid1a80type
13:59:58.407 [main] TRACE - Resolving type for handle stcellstylexfid70c7type
13:59:58.417 [main] TRACE - Resolving type for handle ctsheet4dbetype
13:59:58.425 [main] TRACE - Resolving type for handle ctworksheet530dtype
13:59:58.447 [main] TRACE - Resolving type for handle ctsheetformatprdef7type
13:59:58.463 [main] TRACE - Resolving type for handle ctsheetviewsb918type
13:59:58.472 [main] TRACE - Resolving type for handle ctsheetview0f43type
13:59:58.487 [main] TRACE - Resolving type for handle ctsheetdimensiond310type
13:59:58.495 [main] TRACE - Resolving type for handle stref90a2type
13:59:58.499 [main] TRACE - Resolving type for handle ctsheetdata8408type
13:59:58.502 [main] TRACE - Resolving type for handle ctpagemargins5455type
13:59:58.513 [main] TRACE - Resolving type for handle ctcols627ctype
13:59:58.519 [main] TRACE - Resolving type for handle strelationshipid1e94type
13:59:58.525 [main] TRACE - Resolving type for handle ctrowdd39type
13:59:58.542 [main] TRACE - Resolving type for handle ctcell842btype
13:59:58.563 [main] TRACE - Resolving type for handle stcellrefe4e0type
13:59:58.575 [main] TRACE - Resolving type for handle ctrsta472type
13:59:58.587 [main] TRACE - Resolving type for handle stcelltypebf95type
13:59:58.680 [main] TRACE - Resolving type for handle ctnumfmtsb58btype
13:59:58.688 [main] TRACE - Resolving type for handle ctfonts6623type
13:59:58.696 [main] TRACE - Resolving type for handle ctfills2c6ftype
13:59:58.702 [main] TRACE - Resolving type for handle ctborders0d66type
13:59:58.707 [main] TRACE - Resolving type for handle ctcellxfs1322type
13:59:58.712 [main] TRACE - Resolving type for handle ctcellstylexfsa81ftype
13:59:58.774 [main] DEBUG - Save core properties part
13:59:58.775 [main] DEBUG - Save content types part
13:59:58.977 [main] DEBUG - Save package relationships
13:59:58.991 [main] DEBUG - Save part 'docProps/app.xml'
13:59:59.000 [main] DEBUG - Save part 'docProps/core.xml'
13:59:59.013 [main] DEBUG - Save part 'xl/sharedStrings.xml'
13:59:59.013 [main] DEBUG - Save part 'xl/styles.xml'
13:59:59.014 [main] DEBUG - Save part 'xl/workbook.xml'
13:59:59.016 [main] DEBUG - Save part 'xl/worksheets/sheet1.xml'
13:59:59.057 [main] DEBUG - Save content types part
13:59:59.061 [main] DEBUG - Save package relationships
13:59:59.064 [main] DEBUG - Save part 'docProps/app.xml'
13:59:59.065 [main] DEBUG - Save part 'docProps/core.xml'
13:59:59.068 [main] DEBUG - Save part 'xl/sharedStrings.xml'
13:59:59.069 [main] DEBUG - Save part 'xl/styles.xml'
13:59:59.069 [main] DEBUG - Save part 'xl/workbook.xml'
13:59:59.073 [main] DEBUG - Save part 'xl/worksheets/sheet1.xml'
14:00:09.524 [main] DEBUG - Save core properties part
14:00:09.524 [main] DEBUG - Save content types part
14:00:09.528 [main] DEBUG - Save package relationships
14:00:09.531 [main] DEBUG - Save part 'docProps/app.xml'
14:00:09.531 [main] DEBUG - Save part 'docProps/core.xml'
14:00:09.534 [main] DEBUG - Save part 'xl/sharedStrings.xml'
14:00:09.534 [main] DEBUG - Save part 'xl/styles.xml'
14:00:09.535 [main] DEBUG - Save part 'xl/workbook.xml'
14:00:09.539 [main] DEBUG - Save part 'xl/worksheets/sheet1.xml'
14:00:09.550 [main] DEBUG - Save content types part
14:00:09.554 [main] DEBUG - Save package relationships
14:00:09.557 [main] DEBUG - Save part 'docProps/app.xml'
14:00:09.557 [main] DEBUG - Save part 'docProps/core.xml'
14:00:09.560 [main] DEBUG - Save part 'xl/sharedStrings.xml'
14:00:09.560 [main] DEBUG - Save part 'xl/styles.xml'
14:00:09.561 [main] DEBUG - Save part 'xl/workbook.xml'
14:00:09.563 [main] DEBUG - Save part 'xl/worksheets/sheet1.xml'
14:00:29.025 [main] DEBUG - Parsing relationship: /xl/_rels/workbook.xml.rels
14:00:29.026 [main] DEBUG - Parsing relationship: /xl/worksheets/_rels/sheet1.xml.rels
14:00:29.027 [main] DEBUG - Parsing relationship: /_rels/.rels
14:00:29.049 [main] TRACE - Resolving type for handle themefd26doctype
14:00:29.072 [main] TRACE - Resolving type for handle ctdxfsb26atype
14:00:29.074 [main] TRACE - Resolving type for handle cttablestyles872ftype
14:00:29.085 [main] TRACE - Resolving type for handle workbookec17doctype
14:00:29.093 [main] TRACE - Resolving type for handle worksheetf539doctype
14:00:29.103 [main] TRACE - Resolving type for handle ctcola95ftype
14:00:29.109 [main] TRACE - Resolving type for handle cthyperlinks6416type
14:00:29.112 [main] TRACE - Resolving type for handle cthyperlink0c85type
14:55:55.665 [main] INFO  - Goto my account-->Click on Login.. 
14:55:56.291 [main] INFO  - Goto my account-->Select the destination place.. 
14:56:30.446 [main] TRACE - Loading type system org.apache.poi.schemas.ooxml.system.ooxml
14:56:30.449 [main] TRACE - Loading type system org.apache.xmlbeans.metadata.system.sXMLCONFIG
14:56:30.450 [main] TRACE - Loading type system org.apache.xmlbeans.metadata.system.sXMLLANG
14:56:30.451 [main] TRACE - Loading type system org.apache.xmlbeans.metadata.system.sXMLSCHEMA
14:56:30.451 [main] TRACE - Loading type system org.apache.xmlbeans.metadata.system.sXMLTOOLS
14:56:30.453 [main] TRACE - Reading unresolved handles for type system org.apache.xmlbeans.metadata.system.sXMLTOOLS
14:56:30.472 [main] TRACE - Finished loading type system org.apache.xmlbeans.metadata.system.sXMLTOOLS
14:56:30.473 [main] TRACE - Reading unresolved handles for type system org.apache.xmlbeans.metadata.system.sXMLSCHEMA
14:56:30.479 [main] TRACE - Finished loading type system org.apache.xmlbeans.metadata.system.sXMLSCHEMA
14:56:30.481 [main] TRACE - Reading unresolved handles for type system org.apache.xmlbeans.metadata.system.sXMLLANG
14:56:30.483 [main] TRACE - Finished loading type system org.apache.xmlbeans.metadata.system.sXMLLANG
14:56:30.486 [main] TRACE - Reading unresolved handles for type system org.apache.xmlbeans.metadata.system.sXMLCONFIG
14:56:30.487 [main] TRACE - Finished loading type system org.apache.xmlbeans.metadata.system.sXMLCONFIG
14:56:30.488 [main] TRACE - Reading unresolved handles for type system org.apache.poi.schemas.ooxml.system.ooxml
14:56:30.547 [main] TRACE - Finished loading type system org.apache.poi.schemas.ooxml.system.ooxml
14:56:30.548 [main] TRACE - Resolving type for handle ctworkbook83c3type
14:56:30.614 [main] TRACE - Resolving type for handle ctworkbookpr03a5type
14:56:30.622 [main] TRACE - Resolving type for handle ctbookviewsb864type
14:56:30.625 [main] TRACE - Resolving type for handle ctbookviewf677type
14:56:30.632 [main] TRACE - Resolving type for handle ctsheets49fdtype
14:56:30.636 [main] TRACE - Resolving type for handle propertiesee84doctype
14:56:30.639 [main] TRACE - Resolving type for handle ctproperties3f10type
14:56:30.646 [main] TRACE - Resolving type for handle properties288cdoctype
14:56:30.647 [main] TRACE - Resolving type for handle ctproperties2c18type
14:56:30.655 [main] TRACE - Resolving type for handle sstf81fdoctype
14:56:30.656 [main] TRACE - Resolving type for handle ctsst44f3type
14:56:30.660 [main] TRACE - Resolving type for handle stylesheet5d8bdoctype
14:56:30.663 [main] TRACE - Resolving type for handle ctstylesheet4257type
14:56:30.668 [main] TRACE - Resolving type for handle ctfont14d8type
14:56:30.677 [main] TRACE - Resolving type for handle ctfontsizeb3b9type
14:56:30.682 [main] TRACE - Resolving type for handle ctcolord2c2type
14:56:30.685 [main] TRACE - Resolving type for handle ctfontname2dc3type
14:56:30.687 [main] TRACE - Resolving type for handle stxstringf179type
14:56:30.692 [main] TRACE - Resolving type for handle ctfontfamily685ctype
14:56:30.694 [main] TRACE - Resolving type for handle stfontfamily9c6ctype
14:56:30.698 [main] TRACE - Resolving type for handle ctfontschemebf5dtype
14:56:30.700 [main] TRACE - Resolving type for handle stfontschemef36dtype
14:56:30.704 [main] TRACE - Resolving type for handle ctfill550ctype
14:56:30.705 [main] TRACE - Resolving type for handle ctpatternfill7452type
14:56:30.709 [main] TRACE - Resolving type for handle stpatterntype7939type
14:56:30.712 [main] TRACE - Resolving type for handle ctborderf935type
14:56:30.715 [main] TRACE - Resolving type for handle ctborderpre497type
14:56:30.728 [main] TRACE - Resolving type for handle ctxf97f7type
14:56:30.732 [main] TRACE - Resolving type for handle stnumfmtid76fbtype
14:56:30.734 [main] TRACE - Resolving type for handle stfontid9d63type
14:56:30.737 [main] TRACE - Resolving type for handle stfillida097type
14:56:30.741 [main] TRACE - Resolving type for handle stborderid1a80type
14:56:30.744 [main] TRACE - Resolving type for handle stcellstylexfid70c7type
14:56:30.753 [main] TRACE - Resolving type for handle ctsheet4dbetype
14:56:30.760 [main] TRACE - Resolving type for handle ctworksheet530dtype
14:56:30.766 [main] TRACE - Resolving type for handle ctsheetformatprdef7type
14:56:30.773 [main] TRACE - Resolving type for handle ctsheetviewsb918type
14:56:30.777 [main] TRACE - Resolving type for handle ctsheetview0f43type
14:56:30.788 [main] TRACE - Resolving type for handle ctsheetdimensiond310type
14:56:30.792 [main] TRACE - Resolving type for handle stref90a2type
14:56:30.794 [main] TRACE - Resolving type for handle ctsheetdata8408type
14:56:30.799 [main] TRACE - Resolving type for handle ctpagemargins5455type
14:56:30.812 [main] TRACE - Resolving type for handle ctcols627ctype
14:56:30.819 [main] TRACE - Resolving type for handle strelationshipid1e94type
14:56:30.822 [main] TRACE - Resolving type for handle ctrowdd39type
14:56:30.837 [main] TRACE - Resolving type for handle ctcell842btype
14:56:30.865 [main] TRACE - Resolving type for handle stcellrefe4e0type
14:56:30.872 [main] TRACE - Resolving type for handle ctrsta472type
14:56:30.877 [main] TRACE - Resolving type for handle stcelltypebf95type
14:56:30.916 [main] TRACE - Resolving type for handle ctnumfmtsb58btype
14:56:30.924 [main] TRACE - Resolving type for handle ctfonts6623type
14:56:30.932 [main] TRACE - Resolving type for handle ctfills2c6ftype
14:56:30.938 [main] TRACE - Resolving type for handle ctborders0d66type
14:56:30.943 [main] TRACE - Resolving type for handle ctcellxfs1322type
14:56:30.949 [main] TRACE - Resolving type for handle ctcellstylexfsa81ftype
14:56:31.027 [main] DEBUG - Save core properties part
14:56:31.028 [main] DEBUG - Save content types part
14:56:31.202 [main] DEBUG - Save package relationships
14:56:31.212 [main] DEBUG - Save part 'docProps/app.xml'
14:56:31.216 [main] DEBUG - Save part 'docProps/core.xml'
14:56:31.235 [main] DEBUG - Save part 'xl/sharedStrings.xml'
14:56:31.236 [main] DEBUG - Save part 'xl/styles.xml'
14:56:31.236 [main] DEBUG - Save part 'xl/workbook.xml'
14:56:31.238 [main] DEBUG - Save part 'xl/worksheets/sheet1.xml'
14:56:31.281 [main] DEBUG - Save content types part
14:56:31.284 [main] DEBUG - Save package relationships
14:56:31.285 [main] DEBUG - Save part 'docProps/app.xml'
14:56:31.286 [main] DEBUG - Save part 'docProps/core.xml'
14:56:31.287 [main] DEBUG - Save part 'xl/sharedStrings.xml'
14:56:31.288 [main] DEBUG - Save part 'xl/styles.xml'
14:56:31.288 [main] DEBUG - Save part 'xl/workbook.xml'
14:56:31.290 [main] DEBUG - Save part 'xl/worksheets/sheet1.xml'
14:56:41.775 [main] DEBUG - Save core properties part
14:56:41.776 [main] DEBUG - Save content types part
14:56:41.778 [main] DEBUG - Save package relationships
14:56:41.780 [main] DEBUG - Save part 'docProps/app.xml'
14:56:41.780 [main] DEBUG - Save part 'docProps/core.xml'
14:56:41.782 [main] DEBUG - Save part 'xl/sharedStrings.xml'
14:56:41.782 [main] DEBUG - Save part 'xl/styles.xml'
14:56:41.783 [main] DEBUG - Save part 'xl/workbook.xml'
14:56:41.793 [main] DEBUG - Save part 'xl/worksheets/sheet1.xml'
14:56:41.795 [main] DEBUG - Save content types part
14:56:41.798 [main] DEBUG - Save package relationships
14:56:41.800 [main] DEBUG - Save part 'docProps/app.xml'
14:56:41.801 [main] DEBUG - Save part 'docProps/core.xml'
14:56:41.802 [main] DEBUG - Save part 'xl/sharedStrings.xml'
14:56:41.803 [main] DEBUG - Save part 'xl/styles.xml'
14:56:41.803 [main] DEBUG - Save part 'xl/workbook.xml'
14:56:41.805 [main] DEBUG - Save part 'xl/worksheets/sheet1.xml'
14:56:59.521 [main] DEBUG - Parsing relationship: /xl/_rels/workbook.xml.rels
14:56:59.522 [main] DEBUG - Parsing relationship: /xl/worksheets/_rels/sheet1.xml.rels
14:56:59.524 [main] DEBUG - Parsing relationship: /_rels/.rels
14:56:59.545 [main] TRACE - Resolving type for handle themefd26doctype
14:56:59.570 [main] TRACE - Resolving type for handle ctdxfsb26atype
14:56:59.575 [main] TRACE - Resolving type for handle cttablestyles872ftype
14:56:59.587 [main] TRACE - Resolving type for handle workbookec17doctype
14:56:59.593 [main] TRACE - Resolving type for handle worksheetf539doctype
14:56:59.615 [main] TRACE - Resolving type for handle ctcola95ftype
14:56:59.619 [main] TRACE - Resolving type for handle cthyperlinks6416type
14:56:59.621 [main] TRACE - Resolving type for handle cthyperlink0c85type
