10:21:05.002 [main] TRACE - Resolving type for handle sstf81fdoctype
10:21:05.008 [main] TRACE - Resolving type for handle ctsst44f3type
10:21:05.011 [main] TRACE - Resolving type for handle stylesheet5d8bdoctype
10:21:05.012 [main] TRACE - Resolving type for handle ctstylesheet4257type
10:21:05.015 [main] TRACE - Resolving type for handle ctfont14d8type
10:21:05.019 [main] TRACE - Resolving type for handle ctfontsizeb3b9type
10:21:05.022 [main] TRACE - Resolving type for handle ctcolord2c2type
10:21:05.024 [main] TRACE - Resolving type for handle ctfontname2dc3type
10:21:05.024 [main] TRACE - Resolving type for handle stxstringf179type
10:21:05.027 [main] TRACE - Resolving type for handle ctfontfamily685ctype
10:21:05.028 [main] TRACE - Resolving type for handle stfontfamily9c6ctype
10:21:05.030 [main] TRACE - Resolving type for handle ctfontschemebf5dtype
10:21:05.032 [main] TRACE - Resolving type for handle stfontschemef36dtype
10:21:05.035 [main] TRACE - Resolving type for handle ctfill550ctype
10:21:05.037 [main] TRACE - Resolving type for handle ctpatternfill7452type
10:21:05.039 [main] TRACE - Resolving type for handle stpatterntype7939type
10:21:05.041 [main] TRACE - Resolving type for handle ctborderf935type
10:21:05.042 [main] TRACE - Resolving type for handle ctborderpre497type
10:21:05.045 [main] TRACE - Resolving type for handle ctxf97f7type
10:21:05.047 [main] TRACE - Resolving type for handle stnumfmtid76fbtype
10:21:05.048 [main] TRACE - Resolving type for handle stfontid9d63type
10:21:05.049 [main] TRACE - Resolving type for handle stfillida097type
10:21:05.050 [main] TRACE - Resolving type for handle stborderid1a80type
10:21:05.052 [main] TRACE - Resolving type for handle stcellstylexfid70c7type
10:21:05.056 [main] TRACE - Resolving type for handle ctsheet4dbetype
10:21:05.060 [main] TRACE - Resolving type for handle ctworksheet530dtype
10:21:05.064 [main] TRACE - Resolving type for handle ctsheetformatprdef7type
10:21:05.067 [main] TRACE - Resolving type for handle ctsheetviewsb918type
10:21:05.069 [main] TRACE - Resolving type for handle ctsheetview0f43type
10:21:05.073 [main] TRACE - Resolving type for handle ctsheetdimensiond310type
10:21:05.074 [main] TRACE - Resolving type for handle stref90a2type
10:21:05.075 [main] TRACE - Resolving type for handle ctsheetdata8408type
10:21:05.077 [main] TRACE - Resolving type for handle ctpagemargins5455type
10:21:05.082 [main] TRACE - Resolving type for handle ctcols627ctype
10:21:05.086 [main] TRACE - Resolving type for handle strelationshipid1e94type
10:21:05.087 [main] TRACE - Resolving type for handle ctrowdd39type
10:21:05.092 [main] TRACE - Resolving type for handle ctcell842btype
10:21:05.098 [main] TRACE - Resolving type for handle stcellrefe4e0type
10:21:05.101 [main] TRACE - Resolving type for handle ctrsta472type
10:21:05.104 [main] TRACE - Resolving type for handle stcelltypebf95type
10:21:05.127 [main] TRACE - Resolving type for handle ctnumfmtsb58btype
10:21:05.130 [main] TRACE - Resolving type for handle ctfonts6623type
10:21:05.133 [main] TRACE - Resolving type for handle ctfills2c6ftype
10:21:05.136 [main] TRACE - Resolving type for handle ctborders0d66type
10:21:05.138 [main] TRACE - Resolving type for handle ctcellxfs1322type
10:21:05.141 [main] TRACE - Resolving type for handle ctcellstylexfsa81ftype
10:21:05.159 [main] DEBUG - Save core properties part
10:21:05.160 [main] DEBUG - Save content types part
10:21:05.225 [main] DEBUG - Save package relationships
10:21:05.229 [main] DEBUG - Save part 'docProps/app.xml'
10:21:05.231 [main] DEBUG - Save part 'docProps/core.xml'
10:21:05.236 [main] DEBUG - Save part 'xl/sharedStrings.xml'
10:21:05.236 [main] DEBUG - Save part 'xl/styles.xml'
10:21:05.236 [main] DEBUG - Save part 'xl/workbook.xml'
10:21:05.238 [main] DEBUG - Save part 'xl/worksheets/sheet1.xml'
10:21:05.249 [main] DEBUG - Save content types part
10:21:05.250 [main] DEBUG - Save package relationships
10:21:05.251 [main] DEBUG - Save part 'docProps/app.xml'
10:21:05.251 [main] DEBUG - Save part 'docProps/core.xml'
10:21:05.252 [main] DEBUG - Save part 'xl/sharedStrings.xml'
10:21:05.252 [main] DEBUG - Save part 'xl/styles.xml'
10:21:05.252 [main] DEBUG - Save part 'xl/workbook.xml'
10:21:05.253 [main] DEBUG - Save part 'xl/worksheets/sheet1.xml'
10:21:12.642 [main] DEBUG - Save core properties part
10:21:12.642 [main] DEBUG - Save content types part
10:21:12.643 [main] DEBUG - Save package relationships
10:21:12.644 [main] DEBUG - Save part 'docProps/app.xml'
10:21:12.644 [main] DEBUG - Save part 'docProps/core.xml'
10:21:12.645 [main] DEBUG - Save part 'xl/sharedStrings.xml'
10:21:12.645 [main] DEBUG - Save part 'xl/styles.xml'
10:21:12.645 [main] DEBUG - Save part 'xl/workbook.xml'
10:21:12.646 [main] DEBUG - Save part 'xl/worksheets/sheet1.xml'
10:21:12.649 [main] DEBUG - Save content types part
10:21:12.651 [main] DEBUG - Save package relationships
10:21:12.651 [main] DEBUG - Save part 'docProps/app.xml'
10:21:12.651 [main] DEBUG - Save part 'docProps/core.xml'
10:21:12.652 [main] DEBUG - Save part 'xl/sharedStrings.xml'
10:21:12.652 [main] DEBUG - Save part 'xl/styles.xml'
10:21:12.652 [main] DEBUG - Save part 'xl/workbook.xml'
10:21:12.653 [main] DEBUG - Save part 'xl/worksheets/sheet1.xml'
10:21:27.403 [main] DEBUG - Parsing relationship: /xl/_rels/workbook.xml.rels
10:21:27.405 [main] DEBUG - Parsing relationship: /xl/worksheets/_rels/sheet1.xml.rels
10:21:27.405 [main] DEBUG - Parsing relationship: /_rels/.rels
10:21:27.421 [main] TRACE - Resolving type for handle themefd26doctype
10:21:27.433 [main] TRACE - Resolving type for handle ctdxfsb26atype
10:21:27.435 [main] TRACE - Resolving type for handle cttablestyles872ftype
10:21:27.440 [main] TRACE - Resolving type for handle workbookec17doctype
10:21:27.444 [main] TRACE - Resolving type for handle worksheetf539doctype
10:21:27.451 [main] TRACE - Resolving type for handle ctcola95ftype
10:21:27.453 [main] TRACE - Resolving type for handle cthyperlinks6416type
10:21:27.454 [main] TRACE - Resolving type for handle cthyperlink0c85type
10:43:04.156 [main] INFO  - Goto my account-->Click on Login.. 
10:43:04.365 [main] INFO  - Goto my account-->Select the destination place.. 
10:43:33.461 [main] TRACE - Loading type system org.apache.poi.schemas.ooxml.system.ooxml
10:43:33.464 [main] TRACE - Loading type system org.apache.xmlbeans.metadata.system.sXMLCONFIG
10:43:33.465 [main] TRACE - Loading type system org.apache.xmlbeans.metadata.system.sXMLLANG
10:43:33.465 [main] TRACE - Loading type system org.apache.xmlbeans.metadata.system.sXMLSCHEMA
10:43:33.466 [main] TRACE - Loading type system org.apache.xmlbeans.metadata.system.sXMLTOOLS
10:43:33.467 [main] TRACE - Reading unresolved handles for type system org.apache.xmlbeans.metadata.system.sXMLTOOLS
10:43:33.480 [main] TRACE - Finished loading type system org.apache.xmlbeans.metadata.system.sXMLTOOLS
10:43:33.481 [main] TRACE - Reading unresolved handles for type system org.apache.xmlbeans.metadata.system.sXMLSCHEMA
10:43:33.485 [main] TRACE - Finished loading type system org.apache.xmlbeans.metadata.system.sXMLSCHEMA
10:43:33.486 [main] TRACE - Reading unresolved handles for type system org.apache.xmlbeans.metadata.system.sXMLLANG
10:43:33.487 [main] TRACE - Finished loading type system org.apache.xmlbeans.metadata.system.sXMLLANG
10:43:33.488 [main] TRACE - Reading unresolved handles for type system org.apache.xmlbeans.metadata.system.sXMLCONFIG
10:43:33.489 [main] TRACE - Finished loading type system org.apache.xmlbeans.metadata.system.sXMLCONFIG
10:43:33.489 [main] TRACE - Reading unresolved handles for type system org.apache.poi.schemas.ooxml.system.ooxml
10:43:33.535 [main] TRACE - Finished loading type system org.apache.poi.schemas.ooxml.system.ooxml
10:43:33.537 [main] TRACE - Resolving type for handle ctworkbook83c3type
10:43:33.583 [main] TRACE - Resolving type for handle ctworkbookpr03a5type
10:43:33.592 [main] TRACE - Resolving type for handle ctbookviewsb864type
10:43:33.594 [main] TRACE - Resolving type for handle ctbookviewf677type
10:43:33.601 [main] TRACE - Resolving type for handle ctsheets49fdtype
10:43:33.604 [main] TRACE - Resolving type for handle propertiesee84doctype
10:43:33.606 [main] TRACE - Resolving type for handle ctproperties3f10type
10:43:33.613 [main] TRACE - Resolving type for handle properties288cdoctype
10:43:33.614 [main] TRACE - Resolving type for handle ctproperties2c18type
10:43:33.621 [main] TRACE - Resolving type for handle sstf81fdoctype
10:43:33.623 [main] TRACE - Resolving type for handle ctsst44f3type
10:43:33.628 [main] TRACE - Resolving type for handle stylesheet5d8bdoctype
10:43:33.630 [main] TRACE - Resolving type for handle ctstylesheet4257type
10:43:33.635 [main] TRACE - Resolving type for handle ctfont14d8type
10:43:33.641 [main] TRACE - Resolving type for handle ctfontsizeb3b9type
10:43:33.646 [main] TRACE - Resolving type for handle ctcolord2c2type
10:43:33.648 [main] TRACE - Resolving type for handle ctfontname2dc3type
10:43:33.651 [main] TRACE - Resolving type for handle stxstringf179type
10:43:33.654 [main] TRACE - Resolving type for handle ctfontfamily685ctype
10:43:33.656 [main] TRACE - Resolving type for handle stfontfamily9c6ctype
10:43:33.660 [main] TRACE - Resolving type for handle ctfontschemebf5dtype
10:43:33.664 [main] TRACE - Resolving type for handle stfontschemef36dtype
10:43:33.668 [main] TRACE - Resolving type for handle ctfill550ctype
10:43:33.670 [main] TRACE - Resolving type for handle ctpatternfill7452type
10:43:33.674 [main] TRACE - Resolving type for handle stpatterntype7939type
10:43:33.678 [main] TRACE - Resolving type for handle ctborderf935type
10:43:33.682 [main] TRACE - Resolving type for handle ctborderpre497type
10:43:33.687 [main] TRACE - Resolving type for handle ctxf97f7type
10:43:33.690 [main] TRACE - Resolving type for handle stnumfmtid76fbtype
10:43:33.692 [main] TRACE - Resolving type for handle stfontid9d63type
10:43:33.694 [main] TRACE - Resolving type for handle stfillida097type
10:43:33.696 [main] TRACE - Resolving type for handle stborderid1a80type
10:43:33.698 [main] TRACE - Resolving type for handle stcellstylexfid70c7type
10:43:33.703 [main] TRACE - Resolving type for handle ctsheet4dbetype
10:43:33.710 [main] TRACE - Resolving type for handle ctworksheet530dtype
10:43:33.716 [main] TRACE - Resolving type for handle ctsheetformatprdef7type
10:43:33.723 [main] TRACE - Resolving type for handle ctsheetviewsb918type
10:43:33.726 [main] TRACE - Resolving type for handle ctsheetview0f43type
10:43:33.731 [main] TRACE - Resolving type for handle ctsheetdimensiond310type
10:43:33.733 [main] TRACE - Resolving type for handle stref90a2type
10:43:33.735 [main] TRACE - Resolving type for handle ctsheetdata8408type
10:43:33.737 [main] TRACE - Resolving type for handle ctpagemargins5455type
10:43:33.747 [main] TRACE - Resolving type for handle ctcols627ctype
10:43:33.750 [main] TRACE - Resolving type for handle strelationshipid1e94type
10:43:33.752 [main] TRACE - Resolving type for handle ctrowdd39type
10:43:33.762 [main] TRACE - Resolving type for handle ctcell842btype
10:43:33.771 [main] TRACE - Resolving type for handle stcellrefe4e0type
10:43:33.775 [main] TRACE - Resolving type for handle ctrsta472type
10:43:33.779 [main] TRACE - Resolving type for handle stcelltypebf95type
10:43:33.810 [main] TRACE - Resolving type for handle ctnumfmtsb58btype
10:43:33.814 [main] TRACE - Resolving type for handle ctfonts6623type
10:43:33.818 [main] TRACE - Resolving type for handle ctfills2c6ftype
10:43:33.822 [main] TRACE - Resolving type for handle ctborders0d66type
10:43:33.828 [main] TRACE - Resolving type for handle ctcellxfs1322type
10:43:33.832 [main] TRACE - Resolving type for handle ctcellstylexfsa81ftype
10:43:33.857 [main] DEBUG - Save core properties part
10:43:33.857 [main] DEBUG - Save content types part
10:43:33.975 [main] DEBUG - Save package relationships
10:43:33.983 [main] DEBUG - Save part 'docProps/app.xml'
10:43:33.986 [main] DEBUG - Save part 'docProps/core.xml'
10:43:33.998 [main] DEBUG - Save part 'xl/sharedStrings.xml'
10:43:33.998 [main] DEBUG - Save part 'xl/styles.xml'
10:43:33.999 [main] DEBUG - Save part 'xl/workbook.xml'
10:43:34.000 [main] DEBUG - Save part 'xl/worksheets/sheet1.xml'
10:43:34.012 [main] DEBUG - Save content types part
10:43:34.014 [main] DEBUG - Save package relationships
10:43:34.015 [main] DEBUG - Save part 'docProps/app.xml'
10:43:34.016 [main] DEBUG - Save part 'docProps/core.xml'
10:43:34.017 [main] DEBUG - Save part 'xl/sharedStrings.xml'
10:43:34.018 [main] DEBUG - Save part 'xl/styles.xml'
10:43:34.018 [main] DEBUG - Save part 'xl/workbook.xml'
10:43:34.020 [main] DEBUG - Save part 'xl/worksheets/sheet1.xml'
10:44:04.502 [main] DEBUG - Parsing relationship: /xl/_rels/workbook.xml.rels
10:44:04.503 [main] DEBUG - Parsing relationship: /xl/worksheets/_rels/sheet1.xml.rels
10:44:04.505 [main] DEBUG - Parsing relationship: /_rels/.rels
10:44:04.532 [main] TRACE - Resolving type for handle themefd26doctype
10:44:04.560 [main] TRACE - Resolving type for handle ctdxfsb26atype
10:44:04.563 [main] TRACE - Resolving type for handle cttablestyles872ftype
10:44:04.578 [main] TRACE - Resolving type for handle workbookec17doctype
10:44:04.584 [main] TRACE - Resolving type for handle worksheetf539doctype
10:44:04.592 [main] TRACE - Resolving type for handle ctcola95ftype
10:44:04.596 [main] TRACE - Resolving type for handle cthyperlinks6416type
10:44:04.598 [main] TRACE - Resolving type for handle cthyperlink0c85type
10:47:17.702 [main] INFO  - Goto my account-->Click on Login.. 
10:47:17.894 [main] INFO  - Goto my account-->Select the destination place.. 
10:47:35.373 [main] TRACE - Loading type system org.apache.poi.schemas.ooxml.system.ooxml
10:47:35.375 [main] TRACE - Loading type system org.apache.xmlbeans.metadata.system.sXMLCONFIG
10:47:35.376 [main] TRACE - Loading type system org.apache.xmlbeans.metadata.system.sXMLLANG
10:47:35.377 [main] TRACE - Loading type system org.apache.xmlbeans.metadata.system.sXMLSCHEMA
10:47:35.377 [main] TRACE - Loading type system org.apache.xmlbeans.metadata.system.sXMLTOOLS
10:47:35.379 [main] TRACE - Reading unresolved handles for type system org.apache.xmlbeans.metadata.system.sXMLTOOLS
10:47:35.397 [main] TRACE - Finished loading type system org.apache.xmlbeans.metadata.system.sXMLTOOLS
10:47:35.398 [main] TRACE - Reading unresolved handles for type system org.apache.xmlbeans.metadata.system.sXMLSCHEMA
10:47:35.403 [main] TRACE - Finished loading type system org.apache.xmlbeans.metadata.system.sXMLSCHEMA
10:47:35.405 [main] TRACE - Reading unresolved handles for type system org.apache.xmlbeans.metadata.system.sXMLLANG
10:47:35.405 [main] TRACE - Finished loading type system org.apache.xmlbeans.metadata.system.sXMLLANG
10:47:35.407 [main] TRACE - Reading unresolved handles for type system org.apache.xmlbeans.metadata.system.sXMLCONFIG
10:47:35.408 [main] TRACE - Finished loading type system org.apache.xmlbeans.metadata.system.sXMLCONFIG
10:47:35.410 [main] TRACE - Reading unresolved handles for type system org.apache.poi.schemas.ooxml.system.ooxml
10:47:35.486 [main] TRACE - Finished loading type system org.apache.poi.schemas.ooxml.system.ooxml
10:47:35.488 [main] TRACE - Resolving type for handle ctworkbook83c3type
10:47:35.548 [main] TRACE - Resolving type for handle ctworkbookpr03a5type
10:47:35.559 [main] TRACE - Resolving type for handle ctbookviewsb864type
10:47:35.562 [main] TRACE - Resolving type for handle ctbookviewf677type
10:47:35.571 [main] TRACE - Resolving type for handle ctsheets49fdtype
10:47:35.574 [main] TRACE - Resolving type for handle propertiesee84doctype
10:47:35.578 [main] TRACE - Resolving type for handle ctproperties3f10type
10:47:35.584 [main] TRACE - Resolving type for handle properties288cdoctype
10:47:35.585 [main] TRACE - Resolving type for handle ctproperties2c18type
10:47:35.592 [main] TRACE - Resolving type for handle sstf81fdoctype
10:47:35.594 [main] TRACE - Resolving type for handle ctsst44f3type
10:47:35.599 [main] TRACE - Resolving type for handle stylesheet5d8bdoctype
10:47:35.601 [main] TRACE - Resolving type for handle ctstylesheet4257type
10:47:35.604 [main] TRACE - Resolving type for handle ctfont14d8type
10:47:35.611 [main] TRACE - Resolving type for handle ctfontsizeb3b9type
10:47:35.615 [main] TRACE - Resolving type for handle ctcolord2c2type
10:47:35.618 [main] TRACE - Resolving type for handle ctfontname2dc3type
10:47:35.620 [main] TRACE - Resolving type for handle stxstringf179type
10:47:35.623 [main] TRACE - Resolving type for handle ctfontfamily685ctype
10:47:35.625 [main] TRACE - Resolving type for handle stfontfamily9c6ctype
10:47:35.630 [main] TRACE - Resolving type for handle ctfontschemebf5dtype
10:47:35.633 [main] TRACE - Resolving type for handle stfontschemef36dtype
10:47:35.639 [main] TRACE - Resolving type for handle ctfill550ctype
10:47:35.642 [main] TRACE - Resolving type for handle ctpatternfill7452type
10:47:35.647 [main] TRACE - Resolving type for handle stpatterntype7939type
10:47:35.651 [main] TRACE - Resolving type for handle ctborderf935type
10:47:35.655 [main] TRACE - Resolving type for handle ctborderpre497type
10:47:35.661 [main] TRACE - Resolving type for handle ctxf97f7type
10:47:35.664 [main] TRACE - Resolving type for handle stnumfmtid76fbtype
10:47:35.667 [main] TRACE - Resolving type for handle stfontid9d63type
10:47:35.671 [main] TRACE - Resolving type for handle stfillida097type
10:47:35.673 [main] TRACE - Resolving type for handle stborderid1a80type
10:47:35.675 [main] TRACE - Resolving type for handle stcellstylexfid70c7type
10:47:35.682 [main] TRACE - Resolving type for handle ctsheet4dbetype
10:47:35.689 [main] TRACE - Resolving type for handle ctworksheet530dtype
10:47:35.695 [main] TRACE - Resolving type for handle ctsheetformatprdef7type
10:47:35.702 [main] TRACE - Resolving type for handle ctsheetviewsb918type
10:47:35.704 [main] TRACE - Resolving type for handle ctsheetview0f43type
10:47:35.710 [main] TRACE - Resolving type for handle ctsheetdimensiond310type
10:47:35.714 [main] TRACE - Resolving type for handle stref90a2type
10:47:35.716 [main] TRACE - Resolving type for handle ctsheetdata8408type
10:47:35.718 [main] TRACE - Resolving type for handle ctpagemargins5455type
10:47:35.724 [main] TRACE - Resolving type for handle ctcols627ctype
10:47:35.726 [main] TRACE - Resolving type for handle strelationshipid1e94type
10:47:35.729 [main] TRACE - Resolving type for handle ctrowdd39type
10:47:35.736 [main] TRACE - Resolving type for handle ctcell842btype
10:47:35.744 [main] TRACE - Resolving type for handle stcellrefe4e0type
10:47:35.748 [main] TRACE - Resolving type for handle ctrsta472type
10:47:35.753 [main] TRACE - Resolving type for handle stcelltypebf95type
10:47:35.797 [main] TRACE - Resolving type for handle ctnumfmtsb58btype
10:47:35.800 [main] TRACE - Resolving type for handle ctfonts6623type
10:47:35.804 [main] TRACE - Resolving type for handle ctfills2c6ftype
10:47:35.807 [main] TRACE - Resolving type for handle ctborders0d66type
10:47:35.811 [main] TRACE - Resolving type for handle ctcellxfs1322type
10:47:35.815 [main] TRACE - Resolving type for handle ctcellstylexfsa81ftype
10:47:35.838 [main] DEBUG - Save core properties part
10:47:35.838 [main] DEBUG - Save content types part
10:47:35.926 [main] DEBUG - Save package relationships
10:47:35.932 [main] DEBUG - Save part 'docProps/app.xml'
10:47:35.936 [main] DEBUG - Save part 'docProps/core.xml'
10:47:35.946 [main] DEBUG - Save part 'xl/sharedStrings.xml'
10:47:35.946 [main] DEBUG - Save part 'xl/styles.xml'
10:47:35.947 [main] DEBUG - Save part 'xl/workbook.xml'
10:47:35.948 [main] DEBUG - Save part 'xl/worksheets/sheet1.xml'
10:47:35.961 [main] DEBUG - Save content types part
10:47:35.962 [main] DEBUG - Save package relationships
10:47:35.963 [main] DEBUG - Save part 'docProps/app.xml'
10:47:35.964 [main] DEBUG - Save part 'docProps/core.xml'
10:47:35.966 [main] DEBUG - Save part 'xl/sharedStrings.xml'
10:47:35.967 [main] DEBUG - Save part 'xl/styles.xml'
10:47:35.967 [main] DEBUG - Save part 'xl/workbook.xml'
10:47:35.969 [main] DEBUG - Save part 'xl/worksheets/sheet1.xml'
10:48:03.076 [main] DEBUG - Parsing relationship: /xl/_rels/workbook.xml.rels
10:48:03.078 [main] DEBUG - Parsing relationship: /xl/worksheets/_rels/sheet1.xml.rels
10:48:03.079 [main] DEBUG - Parsing relationship: /_rels/.rels
10:48:03.104 [main] TRACE - Resolving type for handle themefd26doctype
10:48:03.130 [main] TRACE - Resolving type for handle ctdxfsb26atype
10:48:03.133 [main] TRACE - Resolving type for handle cttablestyles872ftype
10:48:03.146 [main] TRACE - Resolving type for handle workbookec17doctype
10:48:03.150 [main] TRACE - Resolving type for handle worksheetf539doctype
10:48:03.160 [main] TRACE - Resolving type for handle ctcola95ftype
10:48:03.163 [main] TRACE - Resolving type for handle cthyperlinks6416type
10:48:03.165 [main] TRACE - Resolving type for handle cthyperlink0c85type
11:11:40.547 [main] INFO  - Goto my account-->Click on Login.. 
11:11:40.753 [main] INFO  - Goto my account-->Select the destination place.. 
11:12:03.045 [main] INFO  - Goto my account-->Click on Login.. 
11:12:03.240 [main] INFO  - Goto my account-->Select the destination place.. 
11:12:34.794 [main] TRACE - Loading type system org.apache.poi.schemas.ooxml.system.ooxml
11:12:34.796 [main] TRACE - Loading type system org.apache.xmlbeans.metadata.system.sXMLCONFIG
11:12:34.797 [main] TRACE - Loading type system org.apache.xmlbeans.metadata.system.sXMLLANG
11:12:34.797 [main] TRACE - Loading type system org.apache.xmlbeans.metadata.system.sXMLSCHEMA
11:12:34.797 [main] TRACE - Loading type system org.apache.xmlbeans.metadata.system.sXMLTOOLS
11:12:34.799 [main] TRACE - Reading unresolved handles for type system org.apache.xmlbeans.metadata.system.sXMLTOOLS
11:12:34.807 [main] TRACE - Finished loading type system org.apache.xmlbeans.metadata.system.sXMLTOOLS
11:12:34.808 [main] TRACE - Reading unresolved handles for type system org.apache.xmlbeans.metadata.system.sXMLSCHEMA
11:12:34.811 [main] TRACE - Finished loading type system org.apache.xmlbeans.metadata.system.sXMLSCHEMA
11:12:34.811 [main] TRACE - Reading unresolved handles for type system org.apache.xmlbeans.metadata.system.sXMLLANG
11:12:34.812 [main] TRACE - Finished loading type system org.apache.xmlbeans.metadata.system.sXMLLANG
11:12:34.813 [main] TRACE - Reading unresolved handles for type system org.apache.xmlbeans.metadata.system.sXMLCONFIG
11:12:34.813 [main] TRACE - Finished loading type system org.apache.xmlbeans.metadata.system.sXMLCONFIG
11:12:34.814 [main] TRACE - Reading unresolved handles for type system org.apache.poi.schemas.ooxml.system.ooxml
11:12:34.845 [main] TRACE - Finished loading type system org.apache.poi.schemas.ooxml.system.ooxml
11:12:34.846 [main] TRACE - Resolving type for handle ctworkbook83c3type
11:12:34.893 [main] TRACE - Resolving type for handle ctworkbookpr03a5type
11:12:34.899 [main] TRACE - Resolving type for handle ctbookviewsb864type
11:12:34.901 [main] TRACE - Resolving type for handle ctbookviewf677type
11:12:34.905 [main] TRACE - Resolving type for handle ctsheets49fdtype
11:12:34.908 [main] TRACE - Resolving type for handle propertiesee84doctype
11:12:34.909 [main] TRACE - Resolving type for handle ctproperties3f10type
11:12:34.912 [main] TRACE - Resolving type for handle properties288cdoctype
11:12:34.913 [main] TRACE - Resolving type for handle ctproperties2c18type
11:12:34.917 [main] TRACE - Resolving type for handle sstf81fdoctype
11:12:34.919 [main] TRACE - Resolving type for handle ctsst44f3type
11:12:34.923 [main] TRACE - Resolving type for handle stylesheet5d8bdoctype
11:12:34.925 [main] TRACE - Resolving type for handle ctstylesheet4257type
11:12:34.928 [main] TRACE - Resolving type for handle ctfont14d8type
11:12:34.933 [main] TRACE - Resolving type for handle ctfontsizeb3b9type
11:12:34.938 [main] TRACE - Resolving type for handle ctcolord2c2type
11:12:34.940 [main] TRACE - Resolving type for handle ctfontname2dc3type
11:12:34.942 [main] TRACE - Resolving type for handle stxstringf179type
11:12:34.945 [main] TRACE - Resolving type for handle ctfontfamily685ctype
11:12:34.947 [main] TRACE - Resolving type for handle stfontfamily9c6ctype
11:12:34.950 [main] TRACE - Resolving type for handle ctfontschemebf5dtype
11:12:34.953 [main] TRACE - Resolving type for handle stfontschemef36dtype
11:12:34.958 [main] TRACE - Resolving type for handle ctfill550ctype
11:12:34.960 [main] TRACE - Resolving type for handle ctpatternfill7452type
11:12:34.964 [main] TRACE - Resolving type for handle stpatterntype7939type
11:12:34.967 [main] TRACE - Resolving type for handle ctborderf935type
11:12:34.970 [main] TRACE - Resolving type for handle ctborderpre497type
11:12:34.976 [main] TRACE - Resolving type for handle ctxf97f7type
11:12:34.979 [main] TRACE - Resolving type for handle stnumfmtid76fbtype
11:12:34.981 [main] TRACE - Resolving type for handle stfontid9d63type
11:12:34.985 [main] TRACE - Resolving type for handle stfillida097type
11:12:34.987 [main] TRACE - Resolving type for handle stborderid1a80type
11:12:34.989 [main] TRACE - Resolving type for handle stcellstylexfid70c7type
11:12:34.996 [main] TRACE - Resolving type for handle ctsheet4dbetype
11:12:35.001 [main] TRACE - Resolving type for handle ctworksheet530dtype
11:12:35.006 [main] TRACE - Resolving type for handle ctsheetformatprdef7type
11:12:35.009 [main] TRACE - Resolving type for handle ctsheetviewsb918type
11:12:35.011 [main] TRACE - Resolving type for handle ctsheetview0f43type
11:12:35.016 [main] TRACE - Resolving type for handle ctsheetdimensiond310type
11:12:35.018 [main] TRACE - Resolving type for handle stref90a2type
11:12:35.021 [main] TRACE - Resolving type for handle ctsheetdata8408type
11:12:35.024 [main] TRACE - Resolving type for handle ctpagemargins5455type
11:12:35.031 [main] TRACE - Resolving type for handle ctcols627ctype
11:12:35.034 [main] TRACE - Resolving type for handle strelationshipid1e94type
11:12:35.037 [main] TRACE - Resolving type for handle ctrowdd39type
11:12:35.045 [main] TRACE - Resolving type for handle ctcell842btype
11:12:35.058 [main] TRACE - Resolving type for handle stcellrefe4e0type
11:12:35.063 [main] TRACE - Resolving type for handle ctrsta472type
11:12:35.067 [main] TRACE - Resolving type for handle stcelltypebf95type
11:12:35.103 [main] TRACE - Resolving type for handle ctnumfmtsb58btype
11:12:35.107 [main] TRACE - Resolving type for handle ctfonts6623type
11:12:35.112 [main] TRACE - Resolving type for handle ctfills2c6ftype
11:12:35.114 [main] TRACE - Resolving type for handle ctborders0d66type
11:12:35.119 [main] TRACE - Resolving type for handle ctcellxfs1322type
11:12:35.122 [main] TRACE - Resolving type for handle ctcellstylexfsa81ftype
11:12:35.144 [main] DEBUG - Save core properties part
11:12:35.145 [main] DEBUG - Save content types part
11:12:35.204 [main] DEBUG - Save package relationships
11:12:35.208 [main] DEBUG - Save part 'docProps/app.xml'
11:12:35.211 [main] DEBUG - Save part 'docProps/core.xml'
11:12:35.217 [main] DEBUG - Save part 'xl/sharedStrings.xml'
11:12:35.217 [main] DEBUG - Save part 'xl/styles.xml'
11:12:35.217 [main] DEBUG - Save part 'xl/workbook.xml'
11:12:35.219 [main] DEBUG - Save part 'xl/worksheets/sheet1.xml'
11:12:35.232 [main] DEBUG - Save content types part
11:12:35.234 [main] DEBUG - Save package relationships
11:12:35.235 [main] DEBUG - Save part 'docProps/app.xml'
11:12:35.235 [main] DEBUG - Save part 'docProps/core.xml'
11:12:35.237 [main] DEBUG - Save part 'xl/sharedStrings.xml'
11:12:35.237 [main] DEBUG - Save part 'xl/styles.xml'
11:12:35.237 [main] DEBUG - Save part 'xl/workbook.xml'
11:12:35.238 [main] DEBUG - Save part 'xl/worksheets/sheet1.xml'
11:12:42.307 [main] DEBUG - Save core properties part
11:12:42.307 [main] DEBUG - Save content types part
11:12:42.308 [main] DEBUG - Save package relationships
11:12:42.309 [main] DEBUG - Save part 'docProps/app.xml'
11:12:42.309 [main] DEBUG - Save part 'docProps/core.xml'
11:12:42.310 [main] DEBUG - Save part 'xl/sharedStrings.xml'
11:12:42.310 [main] DEBUG - Save part 'xl/styles.xml'
11:12:42.310 [main] DEBUG - Save part 'xl/workbook.xml'
11:12:42.311 [main] DEBUG - Save part 'xl/worksheets/sheet1.xml'
11:12:42.312 [main] DEBUG - Save content types part
11:12:42.313 [main] DEBUG - Save package relationships
11:12:42.314 [main] DEBUG - Save part 'docProps/app.xml'
11:12:42.314 [main] DEBUG - Save part 'docProps/core.xml'
11:12:42.315 [main] DEBUG - Save part 'xl/sharedStrings.xml'
11:12:42.316 [main] DEBUG - Save part 'xl/styles.xml'
11:12:42.316 [main] DEBUG - Save part 'xl/workbook.xml'
11:12:42.318 [main] DEBUG - Save part 'xl/worksheets/sheet1.xml'
11:12:57.615 [main] DEBUG - Parsing relationship: /xl/_rels/workbook.xml.rels
11:12:57.616 [main] DEBUG - Parsing relationship: /xl/worksheets/_rels/sheet1.xml.rels
11:12:57.616 [main] DEBUG - Parsing relationship: /_rels/.rels
11:12:57.631 [main] TRACE - Resolving type for handle themefd26doctype
11:12:57.644 [main] TRACE - Resolving type for handle ctdxfsb26atype
11:12:57.647 [main] TRACE - Resolving type for handle cttablestyles872ftype
11:12:57.655 [main] TRACE - Resolving type for handle workbookec17doctype
11:12:57.658 [main] TRACE - Resolving type for handle worksheetf539doctype
11:12:57.663 [main] TRACE - Resolving type for handle ctcola95ftype
11:12:57.665 [main] TRACE - Resolving type for handle cthyperlinks6416type
11:12:57.667 [main] TRACE - Resolving type for handle cthyperlink0c85type
08:26:22.280 [main] INFO  - Goto my account-->Click on Login.. 
08:26:22.970 [main] INFO  - Goto my account-->Select the destination place.. 
08:26:59.633 [main] TRACE - Loading type system org.apache.poi.schemas.ooxml.system.ooxml
08:26:59.638 [main] TRACE - Loading type system org.apache.xmlbeans.metadata.system.sXMLCONFIG
08:26:59.639 [main] TRACE - Loading type system org.apache.xmlbeans.metadata.system.sXMLLANG
08:26:59.639 [main] TRACE - Loading type system org.apache.xmlbeans.metadata.system.sXMLSCHEMA
08:26:59.640 [main] TRACE - Loading type system org.apache.xmlbeans.metadata.system.sXMLTOOLS
08:26:59.642 [main] TRACE - Reading unresolved handles for type system org.apache.xmlbeans.metadata.system.sXMLTOOLS
08:26:59.663 [main] TRACE - Finished loading type system org.apache.xmlbeans.metadata.system.sXMLTOOLS
08:26:59.664 [main] TRACE - Reading unresolved handles for type system org.apache.xmlbeans.metadata.system.sXMLSCHEMA
08:26:59.671 [main] TRACE - Finished loading type system org.apache.xmlbeans.metadata.system.sXMLSCHEMA
08:26:59.672 [main] TRACE - Reading unresolved handles for type system org.apache.xmlbeans.metadata.system.sXMLLANG
08:26:59.674 [main] TRACE - Finished loading type system org.apache.xmlbeans.metadata.system.sXMLLANG
08:26:59.675 [main] TRACE - Reading unresolved handles for type system org.apache.xmlbeans.metadata.system.sXMLCONFIG
08:26:59.677 [main] TRACE - Finished loading type system org.apache.xmlbeans.metadata.system.sXMLCONFIG
08:26:59.678 [main] TRACE - Reading unresolved handles for type system org.apache.poi.schemas.ooxml.system.ooxml
08:26:59.747 [main] TRACE - Finished loading type system org.apache.poi.schemas.ooxml.system.ooxml
08:26:59.749 [main] TRACE - Resolving type for handle ctworkbook83c3type
08:26:59.875 [main] TRACE - Resolving type for handle ctworkbookpr03a5type
08:26:59.893 [main] TRACE - Resolving type for handle ctbookviewsb864type
08:26:59.899 [main] TRACE - Resolving type for handle ctbookviewf677type
08:26:59.912 [main] TRACE - Resolving type for handle ctsheets49fdtype
08:26:59.921 [main] TRACE - Resolving type for handle propertiesee84doctype
08:26:59.925 [main] TRACE - Resolving type for handle ctproperties3f10type
08:26:59.934 [main] TRACE - Resolving type for handle properties288cdoctype
08:26:59.938 [main] TRACE - Resolving type for handle ctproperties2c18type
08:26:59.948 [main] TRACE - Resolving type for handle sstf81fdoctype
08:26:59.952 [main] TRACE - Resolving type for handle ctsst44f3type
08:26:59.963 [main] TRACE - Resolving type for handle stylesheet5d8bdoctype
08:26:59.966 [main] TRACE - Resolving type for handle ctstylesheet4257type
08:26:59.979 [main] TRACE - Resolving type for handle ctfont14d8type
08:26:59.999 [main] TRACE - Resolving type for handle ctfontsizeb3b9type
08:27:00.010 [main] TRACE - Resolving type for handle ctcolord2c2type
08:27:00.019 [main] TRACE - Resolving type for handle ctfontname2dc3type
08:27:00.027 [main] TRACE - Resolving type for handle stxstringf179type
08:27:00.038 [main] TRACE - Resolving type for handle ctfontfamily685ctype
08:27:00.044 [main] TRACE - Resolving type for handle stfontfamily9c6ctype
08:27:00.055 [main] TRACE - Resolving type for handle ctfontschemebf5dtype
08:27:00.065 [main] TRACE - Resolving type for handle stfontschemef36dtype
08:27:00.075 [main] TRACE - Resolving type for handle ctfill550ctype
08:27:00.080 [main] TRACE - Resolving type for handle ctpatternfill7452type
08:27:00.091 [main] TRACE - Resolving type for handle stpatterntype7939type
08:27:00.099 [main] TRACE - Resolving type for handle ctborderf935type
08:27:00.105 [main] TRACE - Resolving type for handle ctborderpre497type
08:27:00.118 [main] TRACE - Resolving type for handle ctxf97f7type
08:27:00.124 [main] TRACE - Resolving type for handle stnumfmtid76fbtype
08:27:00.128 [main] TRACE - Resolving type for handle stfontid9d63type
08:27:00.133 [main] TRACE - Resolving type for handle stfillida097type
08:27:00.138 [main] TRACE - Resolving type for handle stborderid1a80type
08:27:00.143 [main] TRACE - Resolving type for handle stcellstylexfid70c7type
08:27:00.156 [main] TRACE - Resolving type for handle ctsheet4dbetype
08:27:00.169 [main] TRACE - Resolving type for handle ctworksheet530dtype
08:27:00.187 [main] TRACE - Resolving type for handle ctsheetformatprdef7type
08:27:00.198 [main] TRACE - Resolving type for handle ctsheetviewsb918type
08:27:00.203 [main] TRACE - Resolving type for handle ctsheetview0f43type
08:27:00.216 [main] TRACE - Resolving type for handle ctsheetdimensiond310type
08:27:00.220 [main] TRACE - Resolving type for handle stref90a2type
08:27:00.225 [main] TRACE - Resolving type for handle ctsheetdata8408type
08:27:00.230 [main] TRACE - Resolving type for handle ctpagemargins5455type
08:27:00.246 [main] TRACE - Resolving type for handle ctcols627ctype
08:27:00.253 [main] TRACE - Resolving type for handle strelationshipid1e94type
08:27:00.257 [main] TRACE - Resolving type for handle ctrowdd39type
08:27:00.276 [main] TRACE - Resolving type for handle ctcell842btype
08:27:00.306 [main] TRACE - Resolving type for handle stcellrefe4e0type
08:27:00.316 [main] TRACE - Resolving type for handle ctrsta472type
08:27:00.327 [main] TRACE - Resolving type for handle stcelltypebf95type
08:27:00.425 [main] TRACE - Resolving type for handle ctnumfmtsb58btype
08:27:00.431 [main] TRACE - Resolving type for handle ctfonts6623type
08:27:00.441 [main] TRACE - Resolving type for handle ctfills2c6ftype
08:27:00.445 [main] TRACE - Resolving type for handle ctborders0d66type
08:27:00.452 [main] TRACE - Resolving type for handle ctcellxfs1322type
08:27:00.458 [main] TRACE - Resolving type for handle ctcellstylexfsa81ftype
08:27:00.506 [main] DEBUG - Save core properties part
08:27:00.507 [main] DEBUG - Save content types part
08:27:00.713 [main] DEBUG - Save package relationships
08:27:00.732 [main] DEBUG - Save part 'docProps/app.xml'
08:27:00.740 [main] DEBUG - Save part 'docProps/core.xml'
08:27:00.756 [main] DEBUG - Save part 'xl/sharedStrings.xml'
08:27:00.757 [main] DEBUG - Save part 'xl/styles.xml'
08:27:00.757 [main] DEBUG - Save part 'xl/workbook.xml'
08:27:00.760 [main] DEBUG - Save part 'xl/worksheets/sheet1.xml'
08:27:00.811 [main] DEBUG - Save content types part
08:27:00.814 [main] DEBUG - Save package relationships
08:27:00.816 [main] DEBUG - Save part 'docProps/app.xml'
08:27:00.817 [main] DEBUG - Save part 'docProps/core.xml'
08:27:00.819 [main] DEBUG - Save part 'xl/sharedStrings.xml'
08:27:00.819 [main] DEBUG - Save part 'xl/styles.xml'
08:27:00.820 [main] DEBUG - Save part 'xl/workbook.xml'
08:27:00.822 [main] DEBUG - Save part 'xl/worksheets/sheet1.xml'
08:27:12.858 [main] DEBUG - Save core properties part
08:27:12.858 [main] DEBUG - Save content types part
08:27:12.862 [main] DEBUG - Save package relationships
08:27:12.865 [main] DEBUG - Save part 'docProps/app.xml'
08:27:12.865 [main] DEBUG - Save part 'docProps/core.xml'
08:27:12.867 [main] DEBUG - Save part 'xl/sharedStrings.xml'
08:27:12.868 [main] DEBUG - Save part 'xl/styles.xml'
08:27:12.869 [main] DEBUG - Save part 'xl/workbook.xml'
08:27:12.872 [main] DEBUG - Save part 'xl/worksheets/sheet1.xml'
08:27:12.873 [main] DEBUG - Save content types part
08:27:12.875 [main] DEBUG - Save package relationships
08:27:12.877 [main] DEBUG - Save part 'docProps/app.xml'
08:27:12.877 [main] DEBUG - Save part 'docProps/core.xml'
08:27:12.879 [main] DEBUG - Save part 'xl/sharedStrings.xml'
08:27:12.880 [main] DEBUG - Save part 'xl/styles.xml'
08:27:12.880 [main] DEBUG - Save part 'xl/workbook.xml'
08:27:12.883 [main] DEBUG - Save part 'xl/worksheets/sheet1.xml'
08:27:32.798 [main] DEBUG - Parsing relationship: /xl/_rels/workbook.xml.rels
08:27:32.801 [main] DEBUG - Parsing relationship: /xl/worksheets/_rels/sheet1.xml.rels
08:27:32.804 [main] DEBUG - Parsing relationship: /_rels/.rels
08:27:32.887 [main] TRACE - Resolving type for handle themefd26doctype
08:27:32.958 [main] TRACE - Resolving type for handle ctdxfsb26atype
08:27:32.969 [main] TRACE - Resolving type for handle cttablestyles872ftype
08:27:33.002 [main] TRACE - Resolving type for handle workbookec17doctype
08:27:33.017 [main] TRACE - Resolving type for handle worksheetf539doctype
08:27:33.044 [main] TRACE - Resolving type for handle ctcola95ftype
08:27:33.053 [main] TRACE - Resolving type for handle cthyperlinks6416type
08:27:33.060 [main] TRACE - Resolving type for handle cthyperlink0c85type
13:50:52.249 [main] INFO  - Goto my account-->Click on Login.. 
13:50:52.847 [main] INFO  - Goto my account-->Select the destination place.. 
13:51:26.974 [main] TRACE - Loading type system org.apache.poi.schemas.ooxml.system.ooxml
13:51:26.978 [main] TRACE - Loading type system org.apache.xmlbeans.metadata.system.sXMLCONFIG
13:51:26.979 [main] TRACE - Loading type system org.apache.xmlbeans.metadata.system.sXMLLANG
13:51:26.980 [main] TRACE - Loading type system org.apache.xmlbeans.metadata.system.sXMLSCHEMA
13:51:26.980 [main] TRACE - Loading type system org.apache.xmlbeans.metadata.system.sXMLTOOLS
13:51:26.988 [main] TRACE - Reading unresolved handles for type system org.apache.xmlbeans.metadata.system.sXMLTOOLS
13:51:27.011 [main] TRACE - Finished loading type system org.apache.xmlbeans.metadata.system.sXMLTOOLS
13:51:27.012 [main] TRACE - Reading unresolved handles for type system org.apache.xmlbeans.metadata.system.sXMLSCHEMA
13:51:27.020 [main] TRACE - Finished loading type system org.apache.xmlbeans.metadata.system.sXMLSCHEMA
13:51:27.022 [main] TRACE - Reading unresolved handles for type system org.apache.xmlbeans.metadata.system.sXMLLANG
13:51:27.023 [main] TRACE - Finished loading type system org.apache.xmlbeans.metadata.system.sXMLLANG
13:51:27.024 [main] TRACE - Reading unresolved handles for type system org.apache.xmlbeans.metadata.system.sXMLCONFIG
13:51:27.025 [main] TRACE - Finished loading type system org.apache.xmlbeans.metadata.system.sXMLCONFIG
13:51:27.026 [main] TRACE - Reading unresolved handles for type system org.apache.poi.schemas.ooxml.system.ooxml
13:51:27.077 [main] TRACE - Finished loading type system org.apache.poi.schemas.ooxml.system.ooxml
13:51:27.078 [main] TRACE - Resolving type for handle ctworkbook83c3type
13:51:27.180 [main] TRACE - Resolving type for handle ctworkbookpr03a5type
13:51:27.193 [main] TRACE - Resolving type for handle ctbookviewsb864type
13:51:27.201 [main] TRACE - Resolving type for handle ctbookviewf677type
13:51:27.212 [main] TRACE - Resolving type for handle ctsheets49fdtype
13:51:27.217 [main] TRACE - Resolving type for handle propertiesee84doctype
13:51:27.221 [main] TRACE - Resolving type for handle ctproperties3f10type
13:51:27.249 [main] TRACE - Resolving type for handle properties288cdoctype
13:51:27.254 [main] TRACE - Resolving type for handle ctproperties2c18type
13:51:27.261 [main] TRACE - Resolving type for handle sstf81fdoctype
13:51:27.264 [main] TRACE - Resolving type for handle ctsst44f3type
13:51:27.273 [main] TRACE - Resolving type for handle stylesheet5d8bdoctype
13:51:27.276 [main] TRACE - Resolving type for handle ctstylesheet4257type
13:51:27.285 [main] TRACE - Resolving type for handle ctfont14d8type
13:51:27.298 [main] TRACE - Resolving type for handle ctfontsizeb3b9type
13:51:27.306 [main] TRACE - Resolving type for handle ctcolord2c2type
13:51:27.311 [main] TRACE - Resolving type for handle ctfontname2dc3type
13:51:27.315 [main] TRACE - Resolving type for handle stxstringf179type
13:51:27.320 [main] TRACE - Resolving type for handle ctfontfamily685ctype
13:51:27.324 [main] TRACE - Resolving type for handle stfontfamily9c6ctype
13:51:27.332 [main] TRACE - Resolving type for handle ctfontschemebf5dtype
13:51:27.339 [main] TRACE - Resolving type for handle stfontschemef36dtype
13:51:27.350 [main] TRACE - Resolving type for handle ctfill550ctype
13:51:27.353 [main] TRACE - Resolving type for handle ctpatternfill7452type
13:51:27.360 [main] TRACE - Resolving type for handle stpatterntype7939type
13:51:27.365 [main] TRACE - Resolving type for handle ctborderf935type
13:51:27.369 [main] TRACE - Resolving type for handle ctborderpre497type
13:51:27.380 [main] TRACE - Resolving type for handle ctxf97f7type
13:51:27.386 [main] TRACE - Resolving type for handle stnumfmtid76fbtype
13:51:27.390 [main] TRACE - Resolving type for handle stfontid9d63type
13:51:27.394 [main] TRACE - Resolving type for handle stfillida097type
13:51:27.397 [main] TRACE - Resolving type for handle stborderid1a80type
13:51:27.401 [main] TRACE - Resolving type for handle stcellstylexfid70c7type
13:51:27.414 [main] TRACE - Resolving type for handle ctsheet4dbetype
13:51:27.425 [main] TRACE - Resolving type for handle ctworksheet530dtype
13:51:27.443 [main] TRACE - Resolving type for handle ctsheetformatprdef7type
13:51:27.451 [main] TRACE - Resolving type for handle ctsheetviewsb918type
13:51:27.462 [main] TRACE - Resolving type for handle ctsheetview0f43type
13:51:27.488 [main] TRACE - Resolving type for handle ctsheetdimensiond310type
13:51:27.491 [main] TRACE - Resolving type for handle stref90a2type
13:51:27.495 [main] TRACE - Resolving type for handle ctsheetdata8408type
13:51:27.501 [main] TRACE - Resolving type for handle ctpagemargins5455type
13:51:27.525 [main] TRACE - Resolving type for handle ctcols627ctype
13:51:27.537 [main] TRACE - Resolving type for handle strelationshipid1e94type
13:51:27.541 [main] TRACE - Resolving type for handle ctrowdd39type
13:51:27.582 [main] TRACE - Resolving type for handle ctcell842btype
13:51:27.637 [main] TRACE - Resolving type for handle stcellrefe4e0type
13:51:27.652 [main] TRACE - Resolving type for handle ctrsta472type
13:51:27.665 [main] TRACE - Resolving type for handle stcelltypebf95type
13:51:27.731 [main] TRACE - Resolving type for handle ctnumfmtsb58btype
13:51:27.741 [main] TRACE - Resolving type for handle ctfonts6623type
13:51:27.751 [main] TRACE - Resolving type for handle ctfills2c6ftype
13:51:27.760 [main] TRACE - Resolving type for handle ctborders0d66type
13:51:27.767 [main] TRACE - Resolving type for handle ctcellxfs1322type
13:51:27.772 [main] TRACE - Resolving type for handle ctcellstylexfsa81ftype
13:51:27.833 [main] DEBUG - Save core properties part
13:51:27.833 [main] DEBUG - Save content types part
13:51:28.074 [main] DEBUG - Save package relationships
13:51:28.093 [main] DEBUG - Save part 'docProps/app.xml'
13:51:28.111 [main] DEBUG - Save part 'docProps/core.xml'
13:51:28.125 [main] DEBUG - Save part 'xl/sharedStrings.xml'
13:51:28.126 [main] DEBUG - Save part 'xl/styles.xml'
13:51:28.126 [main] DEBUG - Save part 'xl/workbook.xml'
13:51:28.128 [main] DEBUG - Save part 'xl/worksheets/sheet1.xml'
13:51:28.171 [main] DEBUG - Save content types part
13:51:28.174 [main] DEBUG - Save package relationships
13:51:28.176 [main] DEBUG - Save part 'docProps/app.xml'
13:51:28.177 [main] DEBUG - Save part 'docProps/core.xml'
13:51:28.179 [main] DEBUG - Save part 'xl/sharedStrings.xml'
13:51:28.180 [main] DEBUG - Save part 'xl/styles.xml'
13:51:28.180 [main] DEBUG - Save part 'xl/workbook.xml'
13:51:28.182 [main] DEBUG - Save part 'xl/worksheets/sheet1.xml'
13:51:39.109 [main] DEBUG - Save core properties part
13:51:39.109 [main] DEBUG - Save content types part
13:51:39.111 [main] DEBUG - Save package relationships
13:51:39.112 [main] DEBUG - Save part 'docProps/app.xml'
13:51:39.113 [main] DEBUG - Save part 'docProps/core.xml'
13:51:39.114 [main] DEBUG - Save part 'xl/sharedStrings.xml'
13:51:39.114 [main] DEBUG - Save part 'xl/styles.xml'
13:51:39.115 [main] DEBUG - Save part 'xl/workbook.xml'
13:51:39.116 [main] DEBUG - Save part 'xl/worksheets/sheet1.xml'
13:51:39.118 [main] DEBUG - Save content types part
13:51:39.120 [main] DEBUG - Save package relationships
13:51:39.122 [main] DEBUG - Save part 'docProps/app.xml'
13:51:39.123 [main] DEBUG - Save part 'docProps/core.xml'
13:51:39.125 [main] DEBUG - Save part 'xl/sharedStrings.xml'
13:51:39.125 [main] DEBUG - Save part 'xl/styles.xml'
13:51:39.125 [main] DEBUG - Save part 'xl/workbook.xml'
13:51:39.129 [main] DEBUG - Save part 'xl/worksheets/sheet1.xml'
13:51:58.742 [main] DEBUG - Parsing relationship: /xl/_rels/workbook.xml.rels
13:51:58.744 [main] DEBUG - Parsing relationship: /xl/worksheets/_rels/sheet1.xml.rels
13:51:58.747 [main] DEBUG - Parsing relationship: /_rels/.rels
13:51:58.787 [main] TRACE - Resolving type for handle themefd26doctype
13:51:58.824 [main] TRACE - Resolving type for handle ctdxfsb26atype
13:51:58.830 [main] TRACE - Resolving type for handle cttablestyles872ftype
13:51:58.846 [main] TRACE - Resolving type for handle workbookec17doctype
13:51:58.853 [main] TRACE - Resolving type for handle worksheetf539doctype
13:51:58.874 [main] TRACE - Resolving type for handle ctcola95ftype
13:51:58.882 [main] TRACE - Resolving type for handle cthyperlinks6416type
13:51:58.886 [main] TRACE - Resolving type for handle cthyperlink0c85type
13:59:24.260 [main] INFO  - Goto my account-->Click on Login.. 
13:59:24.815 [main] INFO  - Goto my account-->Select the destination place.. 
13:59:57.986 [main] TRACE - Loading type system org.apache.poi.schemas.ooxml.system.ooxml
13:59:57.989 [main] TRACE - Loading type system org.apache.xmlbeans.metadata.system.sXMLCONFIG
13:59:57.989 [main] TRACE - Loading type system org.apache.xmlbeans.metadata.system.sXMLLANG
13:59:57.990 [main] TRACE - Loading type system org.apache.xmlbeans.metadata.system.sXMLSCHEMA
13:59:57.990 [main] TRACE - Loading type system org.apache.xmlbeans.metadata.system.sXMLTOOLS
13:59:57.992 [main] TRACE - Reading unresolved handles for type system org.apache.xmlbeans.metadata.system.sXMLTOOLS
13:59:58.006 [main] TRACE - Finished loading type system org.apache.xmlbeans.metadata.system.sXMLTOOLS
13:59:58.007 [main] TRACE - Reading unresolved handles for type system org.apache.xmlbeans.metadata.system.sXMLSCHEMA
13:59:58.013 [main] TRACE - Finished loading type system org.apache.xmlbeans.metadata.system.sXMLSCHEMA
13:59:58.015 [main] TRACE - Reading unresolved handles for type system org.apache.xmlbeans.metadata.system.sXMLLANG
13:59:58.016 [main] TRACE - Finished loading type system org.apache.xmlbeans.metadata.system.sXMLLANG
13:59:58.018 [main] TRACE - Reading unresolved handles for type system org.apache.xmlbeans.metadata.system.sXMLCONFIG
13:59:58.020 [main] TRACE - Finished loading type system org.apache.xmlbeans.metadata.system.sXMLCONFIG
13:59:58.021 [main] TRACE - Reading unresolved handles for type system org.apache.poi.schemas.ooxml.system.ooxml
13:59:58.082 [main] TRACE - Finished loading type system org.apache.poi.schemas.ooxml.system.ooxml
13:59:58.084 [main] TRACE - Resolving type for handle ctworkbook83c3type
13:59:58.196 [main] TRACE - Resolving type for handle ctworkbookpr03a5type
13:59:58.212 [main] TRACE - Resolving type for handle ctbookviewsb864type
13:59:58.217 [main] TRACE - Resolving type for handle ctbookviewf677type
13:59:58.232 [main] TRACE - Resolving type for handle ctsheets49fdtype
13:59:58.236 [main] TRACE - Resolving type for handle propertiesee84doctype
13:59:58.238 [main] TRACE - Resolving type for handle ctproperties3f10type
13:59:58.246 [main] TRACE - Resolving type for handle properties288cdoctype
13:59:58.248 [main] TRACE - Resolving type for handle ctproperties2c18type
13:59:58.255 [main] TRACE - Resolving type for handle sstf81fdoctype
13:59:58.257 [main] TRACE - Resolving type for handle ctsst44f3type
13:59:58.266 [main] TRACE - Resolving type for handle stylesheet5d8bdoctype
13:59:58.270 [main] TRACE - Resolving type for handle ctstylesheet4257type
13:59:58.277 [main] TRACE - Resolving type for handle ctfont14d8type
